#
# There is insufficient memory for the Java Runtime Environment to continue.
# Native memory allocation (mmap) failed to map 266338304 bytes for G1 virtual space
# Possible reasons:
#   The system is out of physical RAM or swap space
#   The process is running with CompressedOops enabled, and the Java Heap may be blocking the growth of the native heap
# Possible solutions:
#   Reduce memory load on the system
#   Increase physical memory or swap space
#   Check if swap backing store is full
#   Decrease Java heap size (-Xmx/-Xms)
#   Decrease number of Java threads
#   Decrease Java thread stack sizes (-Xss)
#   Set larger code cache with -XX:ReservedCodeCacheSize=
#   JVM is running with Zero Based Compressed Oops mode in which the Java heap is
#     placed in the first 32GB address space. The Java Heap base address is the
#     maximum limit for the native heap growth. Please use -XX:HeapBaseMinAddress
#     to set the Java Heap base and to place the Java Heap above 32GB virtual address.
# This output file may be truncated or incomplete.
#
#  Out of Memory Error (./open/src/hotspot/os/windows/os_windows.cpp:3472), pid=1044, tid=9692
#
# JRE version:  (15.0.1+9) (build )
# Java VM: Java HotSpot(TM) 64-Bit Server VM (15.0.1+9-18, mixed mode, sharing, tiered, compressed oops, g1 gc, windows-amd64)
# No core dump will be written. Minidumps are not enabled by default on client versions of Windows
#

---------------  S U M M A R Y ------------

Command Line: -ea -Didea.test.cyclic.buffer.size=1048576 -javaagent:D:\。。。\ideaIU-2021.3.2.win\lib\idea_rt.jar=61804:D:\。。。\ideaIU-2021.3.2.win\bin -Dfile.encoding=UTF-8 com.intellij.rt.junit.JUnitStarter -ideVersion5 -junit5 com.example.canyon_gaming.CanyonGamingApplicationTests,contextLoads

Host: Intel(R) Core(TM) i5-10210U CPU @ 1.60GHz, 8 cores, 15G,  Windows 10 , 64 bit Build 19041 (10.0.19041.2546)
Time: Tue May  2 20:17:44 2023 嶄忽炎彈扮寂 elapsed time: 0.013230 seconds (0d 0h 0m 0s)

---------------  T H R E A D  ---------------

Current thread (0x000001b8c5d649d0):  JavaThread "Unknown thread" [_thread_in_vm, id=9692, stack(0x000000a298700000,0x000000a298800000)]

Stack: [0x000000a298700000,0x000000a298800000]
Native frames: (J=compiled Java code, j=interpreted, Vv=VM code, C=native code)
V  [jvm.dll+0x62ae9a]
V  [jvm.dll+0x781389]
V  [jvm.dll+0x782ae3]
V  [jvm.dll+0x783143]
V  [jvm.dll+0x216265]
V  [jvm.dll+0x6281d9]
V  [jvm.dll+0x61cd15]
V  [jvm.dll+0x2d01fd]
V  [jvm.dll+0x2d0062]
V  [jvm.dll+0x2d603c]
V  [jvm.dll+0x325b2a]
V  [jvm.dll+0x3251f4]
V  [jvm.dll+0x2a717a]
V  [jvm.dll+0x2a8318]
V  [jvm.dll+0x75e101]
V  [jvm.dll+0x3343e4]
V  [jvm.dll+0x73e826]
V  [jvm.dll+0x3b7777]
V  [jvm.dll+0x3b9201]
C  [jli.dll+0x52fb]
C  [ucrtbase.dll+0x21bb2]
C  [KERNEL32.DLL+0x17614]
C  [ntdll.dll+0x526a1]


---------------  P R O C E S S  ---------------

Threads class SMR info:
_java_thread_list=0x00007ffd7b464ff0, length=0, elements={
}

Java Threads: ( => current thread )

Other Threads:
  0x000001b8c5db5f90 GCTaskThread "GC Thread#0" [stack: 0x000000a298800000,0x000000a298900000] [id=19648]
  0x000001b8c5dc6e60 ConcurrentGCThread "G1 Main Marker" [stack: 0x000000a298900000,0x000000a298a00000] [id=14784]
  0x000001b8c5dc81f0 ConcurrentGCThread "G1 Conc#0" [stack: 0x000000a298a00000,0x000000a298b00000] [id=10696]

[error occurred during error reporting (printing all threads), id 0xc0000005, EXCEPTION_ACCESS_VIOLATION (0xc0000005) at pc=0x00007ffd7ac58047]

VM state: not at safepoint (not fully initialized)

VM Mutex/Monitor currently owned by a thread:  ([mutex/lock_event])
[0x000001b8c5d60260] Heap_lock - owner thread: 0x000001b8c5d649d0

Heap address: 0x0000000702800000, size: 4056 MB, Compressed Oops mode: Zero based, Oop shift amount: 3
CDS archive(s) mapped at: [0x0000000000000000-0x0000000000000000-0x0000000000000000), size 0, SharedBaseAddress: 0x0000000800000000, ArchiveRelocationMode: 0.
Narrow klass base: 0x0000000000000000, Narrow klass shift: 0, Narrow klass range: 0x0

Heap:
 garbage-first heap   total 260096K, used 0K [0x0000000702800000, 0x0000000800000000)
  region size 2048K, 0 young (0K), 0 survivors (0K)
 Metaspace       used 0K, capacity 0K, committed 0K, reserved 0K
  class space    used 0K, capacity 0K, committed 0K, reserved 0K

Heap Regions: E=young(eden), S=young(survivor), O=old, HS=humongous(starts), HC=humongous(continues), CS=collection set, F=free, OA=open archive, CA=closed archive, TAMS=top-at-mark-start (previous, next)

Card table byte_map: [0x000001b8df990000,0x000001b8e0180000] _byte_map_base: 0x000001b8dc17c000

Marking Bits (Prev, Next): (CMBitMap*) 0x000001b8c5db6780, (CMBitMap*) 0x000001b8c5db67c0
 Prev Bits: [0x000001b8e0970000, 0x000001b8e48d0000)
 Next Bits: [0x000001b8e48d0000, 0x000001b8e8830000)

GC Heap History (0 events):
No events

Deoptimization events (0 events):
No events

Classes unloaded (0 events):
No events

Classes redefined (0 events):
No events

Internal exceptions (0 events):
No events

Events (1 events):
Event: 0.009 Loaded shared library C:\Program Files\Java\jdk-15.0.1\bin\java.dll


Dynamic libraries:
0x00007ff751cf0000 - 0x00007ff751cff000 	C:\Program Files\Java\jdk-15.0.1\bin\java.exe
0x00007ffdc62f0000 - 0x00007ffdc64e8000 	C:\WINDOWS\SYSTEM32\ntdll.dll
0x00007ffdc4eb0000 - 0x00007ffdc4f6f000 	C:\WINDOWS\System32\KERNEL32.DLL
0x00007ffdc3df0000 - 0x00007ffdc40c2000 	C:\WINDOWS\System32\KERNELBASE.dll
0x00007ffdc39f0000 - 0x00007ffdc3af0000 	C:\WINDOWS\System32\ucrtbase.dll
0x00007ffdbcee0000 - 0x00007ffdbcef9000 	C:\Program Files\Java\jdk-15.0.1\bin\VCRUNTIME140.dll
0x00007ffdbcf00000 - 0x00007ffdbcf18000 	C:\Program Files\Java\jdk-15.0.1\bin\jli.dll
0x00007ffdc54c0000 - 0x00007ffdc556e000 	C:\WINDOWS\System32\ADVAPI32.dll
0x00007ffdc61a0000 - 0x00007ffdc623e000 	C:\WINDOWS\System32\msvcrt.dll
0x00007ffdc60e0000 - 0x00007ffdc617c000 	C:\WINDOWS\System32\sechost.dll
0x00007ffdc5fb0000 - 0x00007ffdc60d4000 	C:\WINDOWS\System32\RPCRT4.dll
0x00007ffdc4c50000 - 0x00007ffdc4df1000 	C:\WINDOWS\System32\USER32.dll
0x00007ffdc3af0000 - 0x00007ffdc3b12000 	C:\WINDOWS\System32\win32u.dll
0x00007ffdc4c10000 - 0x00007ffdc4c3b000 	C:\WINDOWS\System32\GDI32.dll
0x00007ffda2830000 - 0x00007ffda2aca000 	C:\WINDOWS\WinSxS\amd64_microsoft.windows.common-controls_6595b64144ccf1df_6.0.19041.1110_none_60b5254171f9507e\COMCTL32.dll
0x00007ffdc3b90000 - 0x00007ffdc3c9f000 	C:\WINDOWS\System32\gdi32full.dll
0x00007ffdc3d50000 - 0x00007ffdc3ded000 	C:\WINDOWS\System32\msvcp_win.dll
0x00007ffdbd350000 - 0x00007ffdbd35a000 	C:\WINDOWS\SYSTEM32\VERSION.dll
0x00007ffdc5770000 - 0x00007ffdc57a0000 	C:\WINDOWS\System32\IMM32.DLL
0x00007ffdc10b0000 - 0x00007ffdc10bc000 	C:\Program Files\Java\jdk-15.0.1\bin\vcruntime140_1.dll
0x00007ffd80f00000 - 0x00007ffd80f91000 	C:\Program Files\Java\jdk-15.0.1\bin\msvcp140.dll
0x00007ffd7a9a0000 - 0x00007ffd7b4fe000 	C:\Program Files\Java\jdk-15.0.1\bin\server\jvm.dll
0x00007ffdc4450000 - 0x00007ffdc4458000 	C:\WINDOWS\System32\PSAPI.DLL
0x00007ffdbbbd0000 - 0x00007ffdbbbf7000 	C:\WINDOWS\SYSTEM32\WINMM.dll
0x00007ffd9f470000 - 0x00007ffd9f479000 	C:\WINDOWS\SYSTEM32\WSOCK32.dll
0x00007ffdc6240000 - 0x00007ffdc62ab000 	C:\WINDOWS\System32\WS2_32.dll
0x00007ffdc18b0000 - 0x00007ffdc18c2000 	C:\WINDOWS\SYSTEM32\kernel.appcore.dll
0x00007ffdbe490000 - 0x00007ffdbe49a000 	C:\Program Files\Java\jdk-15.0.1\bin\jimage.dll
0x00007ffdbb270000 - 0x00007ffdbb454000 	C:\WINDOWS\SYSTEM32\DBGHELP.DLL
0x00007ffda9d40000 - 0x00007ffda9d75000 	C:\WINDOWS\SYSTEM32\dbgcore.DLL
0x00007ffdc4230000 - 0x00007ffdc42b2000 	C:\WINDOWS\System32\bcryptPrimitives.dll
0x00007ffdbea30000 - 0x00007ffdbea3e000 	C:\Program Files\Java\jdk-15.0.1\bin\instrument.dll
0x00007ffda0400000 - 0x00007ffda0425000 	C:\Program Files\Java\jdk-15.0.1\bin\java.dll

dbghelp: loaded successfully - version: 4.0.5 - missing functions: none
symbol engine: initialized successfully - sym options: 0x614 - pdb path: .;C:\Program Files\Java\jdk-15.0.1\bin;C:\WINDOWS\SYSTEM32;C:\WINDOWS\WinSxS\amd64_microsoft.windows.common-controls_6595b64144ccf1df_6.0.19041.1110_none_60b5254171f9507e;C:\Program Files\Java\jdk-15.0.1\bin\server

VM Arguments:
jvm_args: -ea -Didea.test.cyclic.buffer.size=1048576 -javaagent:D:\。。。\ideaIU-2021.3.2.win\lib\idea_rt.jar=61804:D:\。。。\ideaIU-2021.3.2.win\bin -Dfile.encoding=UTF-8 
java_command: com.intellij.rt.junit.JUnitStarter -ideVersion5 -junit5 com.example.canyon_gaming.CanyonGamingApplicationTests,contextLoads
java_class_path (initial): C:\Users\js\.m2\repository\org\junit\platform\junit-platform-launcher\1.8.2\junit-platform-launcher-1.8.2.jar;C:\Users\js\.m2\repository\org\junit\platform\junit-platform-engine\1.8.2\junit-platform-engine-1.8.2.jar;C:\Users\js\.m2\repository\org\opentest4j\opentest4j\1.2.0\opentest4j-1.2.0.jar;C:\Users\js\.m2\repository\org\junit\platform\junit-platform-commons\1.8.2\junit-platform-commons-1.8.2.jar;C:\Users\js\.m2\repository\org\apiguardian\apiguardian-api\1.1.2\apiguardian-api-1.1.2.jar;D:\。。。\ideaIU-2021.3.2.win\lib\idea_rt.jar;D:\。。。\ideaIU-2021.3.2.win\plugins\junit\lib\junit5-rt.jar;D:\。。。\ideaIU-2021.3.2.win\plugins\junit\lib\junit-rt.jar;D:\。。。\EE\canyon_gaming\target\test-classes;D:\。。。\EE\canyon_gaming\target\classes;D:\apache-maven-3.8.4\locarlrepo\org\springframework\boot\spring-boot-starter-web\2.7.4\spring-boot-starter-web-2.7.4.jar;D:\apache-maven-3.8.4\locarlrepo\org\springframework\boot\spring-boot-starter\2.7.4\spring-boot-starter-2.7.4.jar;D:\apache-maven-3.8.4\locarlrepo\org\springframework\boot\spring-boot-starter-logging\2.7.4\spring-boot-starter-logging-2.7.4.jar;D:\apache-maven-3.8.4\locarlrepo\ch\qos\logback\logback-classic\1.2.11\logback-classic-1.2.11.jar;D:\apache-maven-3.8.4\locarlrepo\ch\qos\logback\logback-core\1.2.11\logback-core-1.2.11.jar;D:\apache-maven-3.8.4\locarlrepo\org\apache\logging\log4j\log4j-to-slf4j\2.17.2\log4j-to-slf4j-2.17.2.jar;D:\apache-maven-3.8.4\locarlrepo\org\apache\logging\log4j\log4j-api\2.17.2\log4j-api-2.17.2.jar;D:\apache-maven-3.8.4\locarlrepo\org\slf4j\jul-to-slf4j\1.7.36\jul-to-slf4j-1.7.36.jar;D:\apache-maven-3.8.4\locarlrepo\jakarta\annotation\jakarta.annotation-api\1.3.5\jakarta.annotation-api-1.3.5.jar;D:\apache-maven-3.8.4\locarlrepo\org\yaml\snakeyaml\1.30\snakeyaml-1.30.jar;D:\apache-maven-3.8.4\locarlrepo\org\springframework\boot\spring-boot-starter-json\2.7.4\spring-boot-starter-json-2.7.4.jar;D:\apache-maven-3.8.4\locarlrepo\com\fasterxml\jackson\data
Launcher Type: SUN_STANDARD

[Global flags]
     intx CICompilerCount                          = 4                                         {product} {ergonomic}
     uint ConcGCThreads                            = 2                                         {product} {ergonomic}
     uint G1ConcRefinementThreads                  = 8                                         {product} {ergonomic}
   size_t G1HeapRegionSize                         = 2097152                                   {product} {ergonomic}
    uintx GCDrainStackTargetSize                   = 64                                        {product} {ergonomic}
   size_t InitialHeapSize                          = 266338304                                 {product} {ergonomic}
   size_t MarkStackSize                            = 4194304                                   {product} {ergonomic}
   size_t MaxHeapSize                              = 4253024256                                {product} {ergonomic}
   size_t MinHeapDeltaBytes                        = 2097152                                   {product} {ergonomic}
   size_t MinHeapSize                              = 8388608                                   {product} {ergonomic}
    uintx NonNMethodCodeHeapSize                   = 5839372                                {pd product} {ergonomic}
    uintx NonProfiledCodeHeapSize                  = 122909434                              {pd product} {ergonomic}
    uintx ProfiledCodeHeapSize                     = 122909434                              {pd product} {ergonomic}
    uintx ReservedCodeCacheSize                    = 251658240                              {pd product} {ergonomic}
     bool SegmentedCodeCache                       = true                                      {product} {ergonomic}
   size_t SoftMaxHeapSize                          = 4253024256                             {manageable} {ergonomic}
     bool UseCompressedClassPointers               = true                                 {lp64_product} {ergonomic}
     bool UseCompressedOops                        = true                                 {lp64_product} {ergonomic}
     bool UseG1GC                                  = true                                      {product} {ergonomic}
     bool UseLargePagesIndividualAllocation        = false                                  {pd product} {ergonomic}

Logging:
Log output configuration:
 #0: stdout all=warning uptime,level,tags
 #1: stderr all=off uptime,level,tags

Environment Variables:
JAVA_HOME=C:\Program Files\Java\jdk-15.0.1
CLASSPATH=C:\Program Files\Java\jdk-15.0.1\jre\lib\rt.jar;.;
PATH=C:\Program Files\Common Files\Oracle\Java\javapath;C:\Program Files\Java\jdk-15.0.1\bin;C:\Windows\system32;C:\Windows;C:\Windows\System32\Wbem;C:\Windows\System32\WindowsPowerShell\v1.0\;C:\Windows\System32\OpenSSH\;C:\Program Files (x86)\NVIDIA Corporation\PhysX\Common;C:\Program Files\NVIDIA Corporation\NVIDIA NvDLISR;\Program Files\runtime\win64;C:\WINDOWS\system32;C:\WINDOWS;C:\WINDOWS\System32\Wbem;C:\WINDOWS\System32\WindowsPowerShell\v1.0\;C:\WINDOWS\System32\OpenSSH\;D:\。。。\Git\cmd;D:\apache-maven-3.8.4\bin;C:\Program Files\Java\jdk-15.0.1\bin;D:\。。\nodejs\node_global;D:\。。\nodejs\node_global\node_modules;D:\。。\nodejs\;D:\mongodb\bin;C:\Program Files\MySQL\MySQL Shell 8.0\bin\;C:\Users\js\AppData\Local\Microsoft\WindowsApps;D:\。。\;d:\texlive\2015\bin\win32;D:\。。。\IntelliJ IDEA Community Edition 2021.3\bin;;;D:\。。。\Microsoft VS Code\bin;C:\Users\js\AppData\Roaming\npm
USERNAME=js
OS=Windows_NT
PROCESSOR_IDENTIFIER=Intel64 Family 6 Model 142 Stepping 12, GenuineIntel



---------------  S Y S T E M  ---------------

OS:
 Windows 10 , 64 bit Build 19041 (10.0.19041.2546)
OS uptime: 8 days 22:13 hours

CPU: total 8 (initial active 8) (4 cores per cpu, 2 threads per core) family 6 model 142 stepping 12 microcode 0xde, cmov, cx8, fxsr, mmx, sse, sse2, sse3, ssse3, sse4.1, sse4.2, popcnt, vzeroupper, avx, avx2, aes, clmul, erms, 3dnowpref, lzcnt, ht, tsc, tscinvbit, bmi1, bmi2, adx, fma, clflush, clflushopt

Memory: 4k page, system-wide physical 16217M (4344M free)
TotalPageFile size 21337M (AvailPageFile size 255M)
current process WorkingSet (physical memory assigned to process): 10M, peak: 10M
current process commit charge ("private bytes"): 60M, peak: 314M

vm_info: Java HotSpot(TM) 64-Bit Server VM (15.0.1+9-18) for windows-amd64 JRE (15.0.1+9-18), built on Sep 15 2020 14:43:54 by "mach5one" with unknown MS VC++:1925

END.
